7/8/2023 6:54:47 PM Information:Previous log file path: 'C:\Users\bezaw\AppData\Local\Trimble\Tekla Structures\2022.0\CatalogTreeFeature\2022.0.0.0\ComponentCatalog_bezaw.log'
7/8/2023 6:54:47 PM Information:New log file path: 'D:\4rd Civil - Senior Level [2]\2nd term 2023\STEEL\Steel Projects 2nd\2nd-Proj\PJ.N08-INDUSTRIAL PLANET\Zina - Building 8\logs\ComponentCatalog_bezaw.log'
7/8/2023 6:54:47 PM Information:CatalogContentTranslator loading translation file: C:\Program Files\Tekla Structures\2022.0\\bin\messages\DotAppsStrings\ComponentCatalogDefinitions.ail
7/8/2023 6:54:47 PM Information:CatalogContentTranslator language set to enu
7/8/2023 6:54:47 PM Information:CatalogObjectTranslator loading translation file: C:\Program Files\Tekla Structures\2022.0\\bin\messages\DotAppsStrings\CatalogManager.ail
7/8/2023 6:54:47 PM Information:CatalogObjectTranslator language set to enu
7/8/2023 6:54:51 PM Error:Custom component not installed in this model for item: WeldBar_Pipe_1Pc source: c:\programdata\trimble\tekla structures\2022.0\environments\middle_east\general\component_attribute_files\componentcatalog.xml
7/8/2023 6:54:51 PM Error:Custom component not installed in this model for item: WeldBar_H_Type4 source: c:\programdata\trimble\tekla structures\2022.0\environments\middle_east\general\component_attribute_files\componentcatalog.xml
7/8/2023 6:54:51 PM Error:Custom component not installed in this model for item: WeldBar_H_Type3 source: c:\programdata\trimble\tekla structures\2022.0\environments\middle_east\general\component_attribute_files\componentcatalog.xml
7/8/2023 6:54:51 PM Error:Custom component not installed in this model for item: WeldBar_H_Type2 source: c:\programdata\trimble\tekla structures\2022.0\environments\middle_east\general\component_attribute_files\componentcatalog.xml
7/8/2023 6:54:51 PM Error:Custom component not installed in this model for item: WeldBar_H_Type1 source: c:\programdata\trimble\tekla structures\2022.0\environments\middle_east\general\component_attribute_files\componentcatalog.xml
7/8/2023 6:54:51 PM Error:Custom component not installed in this model for item: WeldBar_H source: c:\programdata\trimble\tekla structures\2022.0\environments\middle_east\general\component_attribute_files\componentcatalog.xml
7/8/2023 6:54:51 PM Error:Custom component not installed in this model for item: WeldBar_Box_4Pc source: c:\programdata\trimble\tekla structures\2022.0\environments\middle_east\general\component_attribute_files\componentcatalog.xml
7/8/2023 6:54:51 PM Error:Custom component not installed in this model for item: WeldBar_Box_2Pc source: c:\programdata\trimble\tekla structures\2022.0\environments\middle_east\general\component_attribute_files\componentcatalog.xml
7/8/2023 6:54:51 PM Error:Custom component not installed in this model for item: WeldBar_Box_1Pc source: c:\programdata\trimble\tekla structures\2022.0\environments\middle_east\general\component_attribute_files\componentcatalog.xml
7/8/2023 6:54:51 PM Error:Custom component not installed in this model for item: TJ_WeldPrep_Web_K source: c:\programdata\trimble\tekla structures\2022.0\environments\middle_east\general\component_attribute_files\componentcatalog.xml
7/8/2023 6:54:51 PM Error:Custom component not installed in this model for item: TJ_WeldPrep_Scallop source: c:\programdata\trimble\tekla structures\2022.0\environments\middle_east\general\component_attribute_files\componentcatalog.xml
7/8/2023 6:54:52 PM Error:Custom component not installed in this model for item: TJ_WeldPrep_Flg_V source: c:\programdata\trimble\tekla structures\2022.0\environments\middle_east\general\component_attribute_files\componentcatalog.xml
7/8/2023 6:54:52 PM Error:Custom component not installed in this model for item: TJ_WeldPrep_Beam_d source: c:\programdata\trimble\tekla structures\2022.0\environments\middle_east\general\component_attribute_files\componentcatalog.xml
7/8/2023 6:54:52 PM Error:Custom component not installed in this model for item: TJ_PipeWeldPrep_jnt source: c:\programdata\trimble\tekla structures\2022.0\environments\middle_east\general\component_attribute_files\componentcatalog.xml
7/8/2023 6:54:52 PM Error:Custom component not installed in this model for item: TJ_PipeWeldPrep_det source: c:\programdata\trimble\tekla structures\2022.0\environments\middle_east\general\component_attribute_files\componentcatalog.xml
7/8/2023 6:54:52 PM Error:Custom component not installed in this model for item: safegrid source: c:\programdata\trimble\tekla structures\2022.0\environments\middle_east\general\component_attribute_files\componentcatalog.xml
7/8/2023 6:54:52 PM Error:Custom component not installed in this model for item: Fire-Proofing source: c:\programdata\trimble\tekla structures\2022.0\environments\middle_east\general\component_attribute_files\componentcatalog.xml
7/8/2023 6:54:52 PM Error:Custom component not installed in this model for item: central_cell source: c:\programdata\trimble\tekla structures\2022.0\environments\middle_east\general\component_attribute_files\componentcatalog.xml
7/8/2023 6:54:52 PM Error:Custom component not installed in this model for item: cell_infil_plate source: c:\programdata\trimble\tekla structures\2022.0\environments\middle_east\general\component_attribute_files\componentcatalog.xml
7/8/2023 6:54:52 PM Error:Custom component not installed in this model for item: cell_beam source: c:\programdata\trimble\tekla structures\2022.0\environments\middle_east\general\component_attribute_files\componentcatalog.xml
7/8/2023 6:54:52 PM Error:Custom component not installed in this model for item: Castellated_Beam source: c:\programdata\trimble\tekla structures\2022.0\environments\middle_east\general\component_attribute_files\componentcatalog.xml
7/8/2023 6:54:52 PM Error:Custom component not installed in this model for item: C_Beam source: c:\programdata\trimble\tekla structures\2022.0\environments\middle_east\general\component_attribute_files\componentcatalog.xml
7/8/2023 6:54:52 PM Error:Custom component not installed in this model for item: Sagrod source: c:\programdata\trimble\tekla structures\2022.0\environments\middle_east\general\component_attribute_files\componentcatalog.xml
7/8/2023 6:54:52 PM Error:Custom component not installed in this model for item: Stud_Rail source: c:\programdata\trimble\tekla structures\2022.0\environments\middle_east\general\component_attribute_files\componentcatalog.xml
7/8/2023 6:54:52 PM Error:Custom component not installed in this model for item: PT_Anchor_Pocket_Former source: c:\programdata\trimble\tekla structures\2022.0\environments\middle_east\general\component_attribute_files\componentcatalog.xml
7/8/2023 6:54:52 PM Error:Custom component not installed in this model for item: PT_Anchor source: c:\programdata\trimble\tekla structures\2022.0\environments\middle_east\general\component_attribute_files\componentcatalog.xml
7/8/2023 6:54:52 PM Error:Custom component not installed in this model for item: Embed Creator source: c:\programdata\trimble\tekla structures\2022.0\environments\middle_east\general\component_attribute_files\componentcatalog.xml
7/8/2023 6:54:52 PM Error:Custom component not installed in this model for item: Starter source: c:\programdata\trimble\tekla structures\2022.0\environments\middle_east\general\component_attribute_files\componentcatalog.xml
7/8/2023 6:54:52 PM Error:Custom component not installed in this model for item: ColumnCrank source: c:\programdata\trimble\tekla structures\2022.0\environments\middle_east\general\component_attribute_files\componentcatalog.xml
7/8/2023 6:54:52 PM Error:Custom component not installed in this model for item: Corner Panel Joint source: c:\programdata\trimble\tekla structures\2022.0\environments\middle_east\general\component_attribute_files\componentcatalog.xml
7/8/2023 6:54:52 PM Error:Custom component not installed in this model for item: WeldBar_Pipe_1Pc source: c:\programdata\trimble\tekla structures\2022.0\environments\middle_east\general\component_attribute_files\componentcatalog.xml
7/8/2023 6:54:52 PM Error:Custom component not installed in this model for item: WeldBar_H_Type4 source: c:\programdata\trimble\tekla structures\2022.0\environments\middle_east\general\component_attribute_files\componentcatalog.xml
7/8/2023 6:54:52 PM Error:Custom component not installed in this model for item: WeldBar_H_Type3 source: c:\programdata\trimble\tekla structures\2022.0\environments\middle_east\general\component_attribute_files\componentcatalog.xml
7/8/2023 6:54:52 PM Error:Custom component not installed in this model for item: WeldBar_H_Type2 source: c:\programdata\trimble\tekla structures\2022.0\environments\middle_east\general\component_attribute_files\componentcatalog.xml
7/8/2023 6:54:52 PM Error:Custom component not installed in this model for item: WeldBar_H_Type1 source: c:\programdata\trimble\tekla structures\2022.0\environments\middle_east\general\component_attribute_files\componentcatalog.xml
7/8/2023 6:54:52 PM Error:Custom component not installed in this model for item: WeldBar_H source: c:\programdata\trimble\tekla structures\2022.0\environments\middle_east\general\component_attribute_files\componentcatalog.xml
7/8/2023 6:54:52 PM Error:Custom component not installed in this model for item: WeldBar_Box_4Pc source: c:\programdata\trimble\tekla structures\2022.0\environments\middle_east\general\component_attribute_files\componentcatalog.xml
7/8/2023 6:54:52 PM Error:Custom component not installed in this model for item: WeldBar_Box_2Pc source: c:\programdata\trimble\tekla structures\2022.0\environments\middle_east\general\component_attribute_files\componentcatalog.xml
7/8/2023 6:54:52 PM Error:Custom component not installed in this model for item: WeldBar_Box_1Pc source: c:\programdata\trimble\tekla structures\2022.0\environments\middle_east\general\component_attribute_files\componentcatalog.xml
7/8/2023 6:54:52 PM Error:Custom component not installed in this model for item: TJ_WeldPrep_Web_K source: c:\programdata\trimble\tekla structures\2022.0\environments\middle_east\general\component_attribute_files\componentcatalog.xml
7/8/2023 6:54:52 PM Error:Custom component not installed in this model for item: TJ_WeldPrep_Scallop source: c:\programdata\trimble\tekla structures\2022.0\environments\middle_east\general\component_attribute_files\componentcatalog.xml
7/8/2023 6:54:52 PM Error:Custom component not installed in this model for item: TJ_WeldPrep_Flg_V source: c:\programdata\trimble\tekla structures\2022.0\environments\middle_east\general\component_attribute_files\componentcatalog.xml
7/8/2023 6:54:52 PM Error:Custom component not installed in this model for item: TJ_WeldPrep_Beam_d source: c:\programdata\trimble\tekla structures\2022.0\environments\middle_east\general\component_attribute_files\componentcatalog.xml
7/8/2023 6:54:52 PM Error:Custom component not installed in this model for item: TJ_PipeWeldPrep_jnt source: c:\programdata\trimble\tekla structures\2022.0\environments\middle_east\general\component_attribute_files\componentcatalog.xml
7/8/2023 6:54:52 PM Error:Custom component not installed in this model for item: TJ_PipeWeldPrep_det source: c:\programdata\trimble\tekla structures\2022.0\environments\middle_east\general\component_attribute_files\componentcatalog.xml
7/8/2023 6:54:52 PM Error:Custom component not installed in this model for item: safegrid source: c:\programdata\trimble\tekla structures\2022.0\environments\middle_east\general\component_attribute_files\componentcatalog.xml
7/8/2023 6:54:52 PM Error:Custom component not installed in this model for item: Fire-Proofing source: c:\programdata\trimble\tekla structures\2022.0\environments\middle_east\general\component_attribute_files\componentcatalog.xml
7/8/2023 6:54:52 PM Error:Custom component not installed in this model for item: central_cell source: c:\programdata\trimble\tekla structures\2022.0\environments\middle_east\general\component_attribute_files\componentcatalog.xml
7/8/2023 6:54:52 PM Error:Custom component not installed in this model for item: cell_infil_plate source: c:\programdata\trimble\tekla structures\2022.0\environments\middle_east\general\component_attribute_files\componentcatalog.xml
7/8/2023 6:54:52 PM Error:Custom component not installed in this model for item: cell_beam source: c:\programdata\trimble\tekla structures\2022.0\environments\middle_east\general\component_attribute_files\componentcatalog.xml
7/8/2023 6:54:52 PM Error:Custom component not installed in this model for item: Castellated_Beam source: c:\programdata\trimble\tekla structures\2022.0\environments\middle_east\general\component_attribute_files\componentcatalog.xml
7/8/2023 6:54:52 PM Error:Custom component not installed in this model for item: C_Beam source: c:\programdata\trimble\tekla structures\2022.0\environments\middle_east\general\component_attribute_files\componentcatalog.xml
7/8/2023 6:54:52 PM Error:Custom component not installed in this model for item: Sagrod source: c:\programdata\trimble\tekla structures\2022.0\environments\middle_east\general\component_attribute_files\componentcatalog.xml
7/8/2023 6:54:52 PM Error:Component not installed in Tekla Structures for item: CatalogSystemComponentMacroItem?251000060 source: c:\programdata\trimble\tekla structures\2022.0\environments\middle_east\general\component_attribute_files\componentcatalog.xml
7/8/2023 6:54:52 PM Error:Component not installed in Tekla Structures for item: CatalogPluginComponentItem?Tekla EPM Plugin source: c:\programdata\trimble\tekla structures\2022.0\environments\middle_east\general\component_attribute_files\componentcatalog.xml
7/8/2023 6:54:52 PM Error:Custom component not installed in this model for item: Stud_Rail source: c:\programdata\trimble\tekla structures\2022.0\environments\middle_east\general\component_attribute_files\componentcatalog.xml
7/8/2023 6:54:52 PM Error:Custom component not installed in this model for item: PT_Anchor_Pocket_Former source: c:\programdata\trimble\tekla structures\2022.0\environments\middle_east\general\component_attribute_files\componentcatalog.xml
7/8/2023 6:54:52 PM Error:Custom component not installed in this model for item: PT_Anchor source: c:\programdata\trimble\tekla structures\2022.0\environments\middle_east\general\component_attribute_files\componentcatalog.xml
7/8/2023 6:54:52 PM Error:Custom component not installed in this model for item: Embed Creator source: c:\programdata\trimble\tekla structures\2022.0\environments\middle_east\general\component_attribute_files\componentcatalog.xml
7/8/2023 6:54:52 PM Error:Custom component not installed in this model for item: Starter source: c:\programdata\trimble\tekla structures\2022.0\environments\middle_east\general\component_attribute_files\componentcatalog.xml
7/8/2023 6:54:52 PM Error:Custom component not installed in this model for item: ColumnCrank source: c:\programdata\trimble\tekla structures\2022.0\environments\middle_east\general\component_attribute_files\componentcatalog.xml
7/8/2023 6:54:52 PM Error:Component not installed in Tekla Structures for item: CatalogPluginComponentItem?SlabReinforcementTool source: c:\programdata\trimble\tekla structures\2022.0\environments\middle_east\general\component_attribute_files\componentcatalog.xml
7/8/2023 6:54:52 PM Error:Component CatalogPluginComponentItem?SlabReinforcementTool is obsolete, see file: file:///c:/programdata/trimble/tekla structures/2022.0/environments/common/system/ComponentCatalogExclusions.csv
7/8/2023 6:54:52 PM Error:Custom component not installed in this model for item: Corner Panel Joint source: c:\programdata\trimble\tekla structures\2022.0\environments\middle_east\general\component_attribute_files\componentcatalog.xml
7/8/2023 6:54:52 PM Error:Custom component not installed in this model for item: GenericFormworkPlatform source: c:\programdata\trimble\tekla structures\2022.0\environments\middle_east\general\component_attribute_files\componentcatalog.xml
7/8/2023 6:54:52 PM Error:Custom component not installed in this model for item: GenericFormworkItem source: c:\programdata\trimble\tekla structures\2022.0\environments\middle_east\general\component_attribute_files\componentcatalog.xml
7/8/2023 6:54:52 PM Error:Custom component not installed in this model for item: GenericFormworkFillerPanel source: c:\programdata\trimble\tekla structures\2022.0\environments\middle_east\general\component_attribute_files\componentcatalog.xml
7/8/2023 6:54:52 PM Error:Custom component not installed in this model for item: GenericFormworkBulkheadTimber source: c:\programdata\trimble\tekla structures\2022.0\environments\middle_east\general\component_attribute_files\componentcatalog.xml
7/8/2023 6:54:52 PM Error:Custom component not installed in this model for item: GenericFormworkBulkhead source: c:\programdata\trimble\tekla structures\2022.0\environments\middle_east\general\component_attribute_files\componentcatalog.xml
7/8/2023 6:54:52 PM Error:Custom component not installed in this model for item: GenericFormworkBrace source: c:\programdata\trimble\tekla structures\2022.0\environments\middle_east\general\component_attribute_files\componentcatalog.xml
7/8/2023 6:54:52 PM Error:Custom component not installed in this model for item: GenericFormworkBeam source: c:\programdata\trimble\tekla structures\2022.0\environments\middle_east\general\component_attribute_files\componentcatalog.xml
7/8/2023 6:54:52 PM Error:Custom component not installed in this model for item: GenericFormworkAdjustableClamp source: c:\programdata\trimble\tekla structures\2022.0\environments\middle_east\general\component_attribute_files\componentcatalog.xml
7/8/2023 6:54:52 PM Error:Custom component not installed in this model for item: Formworkplacingtools-TestShapes source: c:\programdata\trimble\tekla structures\2022.0\environments\middle_east\general\component_attribute_files\componentcatalog.xml
7/8/2023 6:54:52 PM Error:Custom component not installed in this model for item: Corner Panel Joint source: c:\programdata\trimble\tekla structures\2022.0\environments\middle_east\general\component_attribute_files\componentcatalog.xml
7/8/2023 6:54:52 PM Error:Custom component not installed in this model for item: Sagrod source: c:\programdata\trimble\tekla structures\2022.0\environments\middle_east\general\component_attribute_files\componentcatalog.xml
7/8/2023 6:54:52 PM Error:Custom component not installed in this model for item: Starter source: c:\programdata\trimble\tekla structures\2022.0\environments\middle_east\general\component_attribute_files\componentcatalog.xml
7/8/2023 6:54:52 PM Error:Custom component not installed in this model for item: TJ_PipeWeldPrep_jnt source: c:\programdata\trimble\tekla structures\2022.0\environments\middle_east\general\component_attribute_files\componentcatalog.xml
7/8/2023 6:54:52 PM Error:Custom component not installed in this model for item: cell_infil_plate source: c:\programdata\trimble\tekla structures\2022.0\environments\middle_east\general\component_attribute_files\componentcatalog.xml
7/8/2023 6:54:52 PM Error:Custom component not installed in this model for item: central_cell source: c:\programdata\trimble\tekla structures\2022.0\environments\middle_east\general\component_attribute_files\componentcatalog.xml
7/8/2023 6:54:52 PM Error:Custom component not installed in this model for item: ColumnCrank source: c:\programdata\trimble\tekla structures\2022.0\environments\middle_east\general\component_attribute_files\componentcatalog.xml
7/8/2023 6:54:52 PM Error:Custom component not installed in this model for item: Fire-Proofing source: c:\programdata\trimble\tekla structures\2022.0\environments\middle_east\general\component_attribute_files\componentcatalog.xml
7/8/2023 6:54:52 PM Error:Custom component not installed in this model for item: TJ_PipeWeldPrep_det source: c:\programdata\trimble\tekla structures\2022.0\environments\middle_east\general\component_attribute_files\componentcatalog.xml
7/8/2023 6:54:52 PM Error:Custom component not installed in this model for item: TJ_WeldPrep_Beam_d source: c:\programdata\trimble\tekla structures\2022.0\environments\middle_east\general\component_attribute_files\componentcatalog.xml
7/8/2023 6:54:52 PM Error:Custom component not installed in this model for item: TJ_WeldPrep_Flg_V source: c:\programdata\trimble\tekla structures\2022.0\environments\middle_east\general\component_attribute_files\componentcatalog.xml
7/8/2023 6:54:52 PM Error:Custom component not installed in this model for item: TJ_WeldPrep_Scallop source: c:\programdata\trimble\tekla structures\2022.0\environments\middle_east\general\component_attribute_files\componentcatalog.xml
7/8/2023 6:54:52 PM Error:Custom component not installed in this model for item: TJ_WeldPrep_Web_K source: c:\programdata\trimble\tekla structures\2022.0\environments\middle_east\general\component_attribute_files\componentcatalog.xml
7/8/2023 6:54:52 PM Error:Custom component not installed in this model for item: WeldBar_Box_1Pc source: c:\programdata\trimble\tekla structures\2022.0\environments\middle_east\general\component_attribute_files\componentcatalog.xml
7/8/2023 6:54:52 PM Error:Custom component not installed in this model for item: WeldBar_Box_2Pc source: c:\programdata\trimble\tekla structures\2022.0\environments\middle_east\general\component_attribute_files\componentcatalog.xml
7/8/2023 6:54:52 PM Error:Custom component not installed in this model for item: WeldBar_Box_4Pc source: c:\programdata\trimble\tekla structures\2022.0\environments\middle_east\general\component_attribute_files\componentcatalog.xml
7/8/2023 6:54:52 PM Error:Custom component not installed in this model for item: WeldBar_H source: c:\programdata\trimble\tekla structures\2022.0\environments\middle_east\general\component_attribute_files\componentcatalog.xml
7/8/2023 6:54:52 PM Error:Custom component not installed in this model for item: WeldBar_H_Type1 source: c:\programdata\trimble\tekla structures\2022.0\environments\middle_east\general\component_attribute_files\componentcatalog.xml
7/8/2023 6:54:52 PM Error:Custom component not installed in this model for item: WeldBar_H_Type2 source: c:\programdata\trimble\tekla structures\2022.0\environments\middle_east\general\component_attribute_files\componentcatalog.xml
7/8/2023 6:54:52 PM Error:Custom component not installed in this model for item: WeldBar_H_Type3 source: c:\programdata\trimble\tekla structures\2022.0\environments\middle_east\general\component_attribute_files\componentcatalog.xml
7/8/2023 6:54:52 PM Error:Custom component not installed in this model for item: WeldBar_H_Type4 source: c:\programdata\trimble\tekla structures\2022.0\environments\middle_east\general\component_attribute_files\componentcatalog.xml
7/8/2023 6:54:52 PM Error:Custom component not installed in this model for item: WeldBar_Pipe_1Pc source: c:\programdata\trimble\tekla structures\2022.0\environments\middle_east\general\component_attribute_files\componentcatalog.xml
7/8/2023 6:54:52 PM Error:Custom component not installed in this model for item: C_Beam source: c:\programdata\trimble\tekla structures\2022.0\environments\middle_east\general\component_attribute_files\componentcatalog.xml
7/8/2023 6:54:52 PM Error:Custom component not installed in this model for item: Castellated_Beam source: c:\programdata\trimble\tekla structures\2022.0\environments\middle_east\general\component_attribute_files\componentcatalog.xml
7/8/2023 6:54:52 PM Error:Custom component not installed in this model for item: cell_beam source: c:\programdata\trimble\tekla structures\2022.0\environments\middle_east\general\component_attribute_files\componentcatalog.xml
7/8/2023 6:54:52 PM Error:Custom component not installed in this model for item: Embed Creator source: c:\programdata\trimble\tekla structures\2022.0\environments\middle_east\general\component_attribute_files\componentcatalog.xml
7/8/2023 6:54:52 PM Error:Custom component not installed in this model for item: PT_Anchor source: c:\programdata\trimble\tekla structures\2022.0\environments\middle_east\general\component_attribute_files\componentcatalog.xml
7/8/2023 6:54:52 PM Error:Custom component not installed in this model for item: PT_Anchor_Pocket_Former source: c:\programdata\trimble\tekla structures\2022.0\environments\middle_east\general\component_attribute_files\componentcatalog.xml
7/8/2023 6:54:52 PM Error:Custom component not installed in this model for item: safegrid source: c:\programdata\trimble\tekla structures\2022.0\environments\middle_east\general\component_attribute_files\componentcatalog.xml
7/8/2023 6:54:52 PM Error:Custom component not installed in this model for item: Stud_Rail source: c:\programdata\trimble\tekla structures\2022.0\environments\middle_east\general\component_attribute_files\componentcatalog.xml
7/8/2023 6:54:53 PM Information:Previous log file path: 'D:\4rd Civil - Senior Level [2]\2nd term 2023\STEEL\Steel Projects 2nd\2nd-Proj\PJ.N08-INDUSTRIAL PLANET\Zina - Building 8\logs\ComponentCatalog_bezaw.log'
7/8/2023 6:54:53 PM Information:New log file path: 'D:\4rd Civil - Senior Level [2]\2nd term 2023\STEEL\Steel Projects 2nd\2nd-Proj\PJ.N08-INDUSTRIAL PLANET\Zina - Building 8\logs\ComponentCatalog_bezaw.log'
7/8/2023 6:54:53 PM Error:Custom component not installed in this model for item: WeldBar_Pipe_1Pc source: c:\programdata\trimble\tekla structures\2022.0\environments\middle_east\general\component_attribute_files\componentcatalog.xml
7/8/2023 6:54:53 PM Error:Custom component not installed in this model for item: WeldBar_H_Type4 source: c:\programdata\trimble\tekla structures\2022.0\environments\middle_east\general\component_attribute_files\componentcatalog.xml
7/8/2023 6:54:53 PM Error:Custom component not installed in this model for item: WeldBar_H_Type3 source: c:\programdata\trimble\tekla structures\2022.0\environments\middle_east\general\component_attribute_files\componentcatalog.xml
7/8/2023 6:54:53 PM Error:Custom component not installed in this model for item: WeldBar_H_Type2 source: c:\programdata\trimble\tekla structures\2022.0\environments\middle_east\general\component_attribute_files\componentcatalog.xml
7/8/2023 6:54:53 PM Error:Custom component not installed in this model for item: WeldBar_H_Type1 source: c:\programdata\trimble\tekla structures\2022.0\environments\middle_east\general\component_attribute_files\componentcatalog.xml
7/8/2023 6:54:53 PM Error:Custom component not installed in this model for item: WeldBar_H source: c:\programdata\trimble\tekla structures\2022.0\environments\middle_east\general\component_attribute_files\componentcatalog.xml
7/8/2023 6:54:53 PM Error:Custom component not installed in this model for item: WeldBar_Box_4Pc source: c:\programdata\trimble\tekla structures\2022.0\environments\middle_east\general\component_attribute_files\componentcatalog.xml
7/8/2023 6:54:53 PM Error:Custom component not installed in this model for item: WeldBar_Box_2Pc source: c:\programdata\trimble\tekla structures\2022.0\environments\middle_east\general\component_attribute_files\componentcatalog.xml
7/8/2023 6:54:53 PM Error:Custom component not installed in this model for item: WeldBar_Box_1Pc source: c:\programdata\trimble\tekla structures\2022.0\environments\middle_east\general\component_attribute_files\componentcatalog.xml
7/8/2023 6:54:53 PM Error:Custom component not installed in this model for item: TJ_WeldPrep_Web_K source: c:\programdata\trimble\tekla structures\2022.0\environments\middle_east\general\component_attribute_files\componentcatalog.xml
7/8/2023 6:54:53 PM Error:Custom component not installed in this model for item: TJ_WeldPrep_Scallop source: c:\programdata\trimble\tekla structures\2022.0\environments\middle_east\general\component_attribute_files\componentcatalog.xml
7/8/2023 6:54:53 PM Error:Custom component not installed in this model for item: TJ_WeldPrep_Flg_V source: c:\programdata\trimble\tekla structures\2022.0\environments\middle_east\general\component_attribute_files\componentcatalog.xml
7/8/2023 6:54:53 PM Error:Custom component not installed in this model for item: TJ_WeldPrep_Beam_d source: c:\programdata\trimble\tekla structures\2022.0\environments\middle_east\general\component_attribute_files\componentcatalog.xml
7/8/2023 6:54:53 PM Error:Custom component not installed in this model for item: TJ_PipeWeldPrep_jnt source: c:\programdata\trimble\tekla structures\2022.0\environments\middle_east\general\component_attribute_files\componentcatalog.xml
7/8/2023 6:54:53 PM Error:Custom component not installed in this model for item: TJ_PipeWeldPrep_det source: c:\programdata\trimble\tekla structures\2022.0\environments\middle_east\general\component_attribute_files\componentcatalog.xml
7/8/2023 6:54:53 PM Error:Custom component not installed in this model for item: safegrid source: c:\programdata\trimble\tekla structures\2022.0\environments\middle_east\general\component_attribute_files\componentcatalog.xml
7/8/2023 6:54:53 PM Error:Custom component not installed in this model for item: Fire-Proofing source: c:\programdata\trimble\tekla structures\2022.0\environments\middle_east\general\component_attribute_files\componentcatalog.xml
7/8/2023 6:54:53 PM Error:Custom component not installed in this model for item: central_cell source: c:\programdata\trimble\tekla structures\2022.0\environments\middle_east\general\component_attribute_files\componentcatalog.xml
7/8/2023 6:54:53 PM Error:Custom component not installed in this model for item: cell_infil_plate source: c:\programdata\trimble\tekla structures\2022.0\environments\middle_east\general\component_attribute_files\componentcatalog.xml
7/8/2023 6:54:53 PM Error:Custom component not installed in this model for item: cell_beam source: c:\programdata\trimble\tekla structures\2022.0\environments\middle_east\general\component_attribute_files\componentcatalog.xml
7/8/2023 6:54:53 PM Error:Custom component not installed in this model for item: Castellated_Beam source: c:\programdata\trimble\tekla structures\2022.0\environments\middle_east\general\component_attribute_files\componentcatalog.xml
7/8/2023 6:54:53 PM Error:Custom component not installed in this model for item: C_Beam source: c:\programdata\trimble\tekla structures\2022.0\environments\middle_east\general\component_attribute_files\componentcatalog.xml
7/8/2023 6:54:53 PM Error:Custom component not installed in this model for item: Sagrod source: c:\programdata\trimble\tekla structures\2022.0\environments\middle_east\general\component_attribute_files\componentcatalog.xml
7/8/2023 6:54:53 PM Error:Custom component not installed in this model for item: Stud_Rail source: c:\programdata\trimble\tekla structures\2022.0\environments\middle_east\general\component_attribute_files\componentcatalog.xml
7/8/2023 6:54:53 PM Error:Custom component not installed in this model for item: PT_Anchor_Pocket_Former source: c:\programdata\trimble\tekla structures\2022.0\environments\middle_east\general\component_attribute_files\componentcatalog.xml
7/8/2023 6:54:53 PM Error:Custom component not installed in this model for item: PT_Anchor source: c:\programdata\trimble\tekla structures\2022.0\environments\middle_east\general\component_attribute_files\componentcatalog.xml
7/8/2023 6:54:53 PM Error:Custom component not installed in this model for item: Embed Creator source: c:\programdata\trimble\tekla structures\2022.0\environments\middle_east\general\component_attribute_files\componentcatalog.xml
7/8/2023 6:54:53 PM Error:Custom component not installed in this model for item: Starter source: c:\programdata\trimble\tekla structures\2022.0\environments\middle_east\general\component_attribute_files\componentcatalog.xml
7/8/2023 6:54:53 PM Error:Custom component not installed in this model for item: ColumnCrank source: c:\programdata\trimble\tekla structures\2022.0\environments\middle_east\general\component_attribute_files\componentcatalog.xml
7/8/2023 6:54:53 PM Error:Custom component not installed in this model for item: Corner Panel Joint source: c:\programdata\trimble\tekla structures\2022.0\environments\middle_east\general\component_attribute_files\componentcatalog.xml
7/8/2023 6:54:53 PM Error:Custom component not installed in this model for item: WeldBar_Pipe_1Pc source: c:\programdata\trimble\tekla structures\2022.0\environments\middle_east\general\component_attribute_files\componentcatalog.xml
7/8/2023 6:54:53 PM Error:Custom component not installed in this model for item: WeldBar_H_Type4 source: c:\programdata\trimble\tekla structures\2022.0\environments\middle_east\general\component_attribute_files\componentcatalog.xml
7/8/2023 6:54:53 PM Error:Custom component not installed in this model for item: WeldBar_H_Type3 source: c:\programdata\trimble\tekla structures\2022.0\environments\middle_east\general\component_attribute_files\componentcatalog.xml
7/8/2023 6:54:53 PM Error:Custom component not installed in this model for item: WeldBar_H_Type2 source: c:\programdata\trimble\tekla structures\2022.0\environments\middle_east\general\component_attribute_files\componentcatalog.xml
7/8/2023 6:54:53 PM Error:Custom component not installed in this model for item: WeldBar_H_Type1 source: c:\programdata\trimble\tekla structures\2022.0\environments\middle_east\general\component_attribute_files\componentcatalog.xml
7/8/2023 6:54:53 PM Error:Custom component not installed in this model for item: WeldBar_H source: c:\programdata\trimble\tekla structures\2022.0\environments\middle_east\general\component_attribute_files\componentcatalog.xml
7/8/2023 6:54:53 PM Error:Custom component not installed in this model for item: WeldBar_Box_4Pc source: c:\programdata\trimble\tekla structures\2022.0\environments\middle_east\general\component_attribute_files\componentcatalog.xml
7/8/2023 6:54:53 PM Error:Custom component not installed in this model for item: WeldBar_Box_2Pc source: c:\programdata\trimble\tekla structures\2022.0\environments\middle_east\general\component_attribute_files\componentcatalog.xml
7/8/2023 6:54:53 PM Error:Custom component not installed in this model for item: WeldBar_Box_1Pc source: c:\programdata\trimble\tekla structures\2022.0\environments\middle_east\general\component_attribute_files\componentcatalog.xml
7/8/2023 6:54:53 PM Error:Custom component not installed in this model for item: TJ_WeldPrep_Web_K source: c:\programdata\trimble\tekla structures\2022.0\environments\middle_east\general\component_attribute_files\componentcatalog.xml
7/8/2023 6:54:53 PM Error:Custom component not installed in this model for item: TJ_WeldPrep_Scallop source: c:\programdata\trimble\tekla structures\2022.0\environments\middle_east\general\component_attribute_files\componentcatalog.xml
7/8/2023 6:54:53 PM Error:Custom component not installed in this model for item: TJ_WeldPrep_Flg_V source: c:\programdata\trimble\tekla structures\2022.0\environments\middle_east\general\component_attribute_files\componentcatalog.xml
7/8/2023 6:54:53 PM Error:Custom component not installed in this model for item: TJ_WeldPrep_Beam_d source: c:\programdata\trimble\tekla structures\2022.0\environments\middle_east\general\component_attribute_files\componentcatalog.xml
7/8/2023 6:54:53 PM Error:Custom component not installed in this model for item: TJ_PipeWeldPrep_jnt source: c:\programdata\trimble\tekla structures\2022.0\environments\middle_east\general\component_attribute_files\componentcatalog.xml
7/8/2023 6:54:53 PM Error:Custom component not installed in this model for item: TJ_PipeWeldPrep_det source: c:\programdata\trimble\tekla structures\2022.0\environments\middle_east\general\component_attribute_files\componentcatalog.xml
7/8/2023 6:54:53 PM Error:Custom component not installed in this model for item: safegrid source: c:\programdata\trimble\tekla structures\2022.0\environments\middle_east\general\component_attribute_files\componentcatalog.xml
7/8/2023 6:54:53 PM Error:Custom component not installed in this model for item: Fire-Proofing source: c:\programdata\trimble\tekla structures\2022.0\environments\middle_east\general\component_attribute_files\componentcatalog.xml
7/8/2023 6:54:53 PM Error:Custom component not installed in this model for item: central_cell source: c:\programdata\trimble\tekla structures\2022.0\environments\middle_east\general\component_attribute_files\componentcatalog.xml
7/8/2023 6:54:53 PM Error:Custom component not installed in this model for item: cell_infil_plate source: c:\programdata\trimble\tekla structures\2022.0\environments\middle_east\general\component_attribute_files\componentcatalog.xml
7/8/2023 6:54:53 PM Error:Custom component not installed in this model for item: cell_beam source: c:\programdata\trimble\tekla structures\2022.0\environments\middle_east\general\component_attribute_files\componentcatalog.xml
7/8/2023 6:54:53 PM Error:Custom component not installed in this model for item: Castellated_Beam source: c:\programdata\trimble\tekla structures\2022.0\environments\middle_east\general\component_attribute_files\componentcatalog.xml
7/8/2023 6:54:53 PM Error:Custom component not installed in this model for item: C_Beam source: c:\programdata\trimble\tekla structures\2022.0\environments\middle_east\general\component_attribute_files\componentcatalog.xml
7/8/2023 6:54:53 PM Error:Custom component not installed in this model for item: Sagrod source: c:\programdata\trimble\tekla structures\2022.0\environments\middle_east\general\component_attribute_files\componentcatalog.xml
7/8/2023 6:54:53 PM Error:Component not installed in Tekla Structures for item: CatalogSystemComponentMacroItem?251000060 source: c:\programdata\trimble\tekla structures\2022.0\environments\middle_east\general\component_attribute_files\componentcatalog.xml
7/8/2023 6:54:53 PM Error:Component not installed in Tekla Structures for item: CatalogPluginComponentItem?Tekla EPM Plugin source: c:\programdata\trimble\tekla structures\2022.0\environments\middle_east\general\component_attribute_files\componentcatalog.xml
7/8/2023 6:54:53 PM Error:Custom component not installed in this model for item: Stud_Rail source: c:\programdata\trimble\tekla structures\2022.0\environments\middle_east\general\component_attribute_files\componentcatalog.xml
7/8/2023 6:54:53 PM Error:Custom component not installed in this model for item: PT_Anchor_Pocket_Former source: c:\programdata\trimble\tekla structures\2022.0\environments\middle_east\general\component_attribute_files\componentcatalog.xml
7/8/2023 6:54:53 PM Error:Custom component not installed in this model for item: PT_Anchor source: c:\programdata\trimble\tekla structures\2022.0\environments\middle_east\general\component_attribute_files\componentcatalog.xml
7/8/2023 6:54:53 PM Error:Custom component not installed in this model for item: Embed Creator source: c:\programdata\trimble\tekla structures\2022.0\environments\middle_east\general\component_attribute_files\componentcatalog.xml
7/8/2023 6:54:53 PM Error:Custom component not installed in this model for item: Starter source: c:\programdata\trimble\tekla structures\2022.0\environments\middle_east\general\component_attribute_files\componentcatalog.xml
7/8/2023 6:54:53 PM Error:Custom component not installed in this model for item: ColumnCrank source: c:\programdata\trimble\tekla structures\2022.0\environments\middle_east\general\component_attribute_files\componentcatalog.xml
7/8/2023 6:54:53 PM Error:Component not installed in Tekla Structures for item: CatalogPluginComponentItem?SlabReinforcementTool source: c:\programdata\trimble\tekla structures\2022.0\environments\middle_east\general\component_attribute_files\componentcatalog.xml
7/8/2023 6:54:53 PM Error:Component CatalogPluginComponentItem?SlabReinforcementTool is obsolete, see file: file:///c:/programdata/trimble/tekla structures/2022.0/environments/common/system/ComponentCatalogExclusions.csv
7/8/2023 6:54:53 PM Error:Custom component not installed in this model for item: Corner Panel Joint source: c:\programdata\trimble\tekla structures\2022.0\environments\middle_east\general\component_attribute_files\componentcatalog.xml
7/8/2023 6:54:53 PM Error:Custom component not installed in this model for item: GenericFormworkPlatform source: c:\programdata\trimble\tekla structures\2022.0\environments\middle_east\general\component_attribute_files\componentcatalog.xml
7/8/2023 6:54:53 PM Error:Custom component not installed in this model for item: GenericFormworkItem source: c:\programdata\trimble\tekla structures\2022.0\environments\middle_east\general\component_attribute_files\componentcatalog.xml
7/8/2023 6:54:53 PM Error:Custom component not installed in this model for item: GenericFormworkFillerPanel source: c:\programdata\trimble\tekla structures\2022.0\environments\middle_east\general\component_attribute_files\componentcatalog.xml
7/8/2023 6:54:53 PM Error:Custom component not installed in this model for item: GenericFormworkBulkheadTimber source: c:\programdata\trimble\tekla structures\2022.0\environments\middle_east\general\component_attribute_files\componentcatalog.xml
7/8/2023 6:54:53 PM Error:Custom component not installed in this model for item: GenericFormworkBulkhead source: c:\programdata\trimble\tekla structures\2022.0\environments\middle_east\general\component_attribute_files\componentcatalog.xml
7/8/2023 6:54:53 PM Error:Custom component not installed in this model for item: GenericFormworkBrace source: c:\programdata\trimble\tekla structures\2022.0\environments\middle_east\general\component_attribute_files\componentcatalog.xml
7/8/2023 6:54:53 PM Error:Custom component not installed in this model for item: GenericFormworkBeam source: c:\programdata\trimble\tekla structures\2022.0\environments\middle_east\general\component_attribute_files\componentcatalog.xml
7/8/2023 6:54:53 PM Error:Custom component not installed in this model for item: GenericFormworkAdjustableClamp source: c:\programdata\trimble\tekla structures\2022.0\environments\middle_east\general\component_attribute_files\componentcatalog.xml
7/8/2023 6:54:53 PM Error:Custom component not installed in this model for item: Formworkplacingtools-TestShapes source: c:\programdata\trimble\tekla structures\2022.0\environments\middle_east\general\component_attribute_files\componentcatalog.xml
7/8/2023 6:54:53 PM Error:Custom component not installed in this model for item: Corner Panel Joint source: c:\programdata\trimble\tekla structures\2022.0\environments\middle_east\general\component_attribute_files\componentcatalog.xml
7/8/2023 6:54:53 PM Error:Custom component not installed in this model for item: Sagrod source: c:\programdata\trimble\tekla structures\2022.0\environments\middle_east\general\component_attribute_files\componentcatalog.xml
7/8/2023 6:54:53 PM Error:Custom component not installed in this model for item: Starter source: c:\programdata\trimble\tekla structures\2022.0\environments\middle_east\general\component_attribute_files\componentcatalog.xml
7/8/2023 6:54:53 PM Error:Custom component not installed in this model for item: TJ_PipeWeldPrep_jnt source: c:\programdata\trimble\tekla structures\2022.0\environments\middle_east\general\component_attribute_files\componentcatalog.xml
7/8/2023 6:54:53 PM Error:Custom component not installed in this model for item: cell_infil_plate source: c:\programdata\trimble\tekla structures\2022.0\environments\middle_east\general\component_attribute_files\componentcatalog.xml
7/8/2023 6:54:53 PM Error:Custom component not installed in this model for item: central_cell source: c:\programdata\trimble\tekla structures\2022.0\environments\middle_east\general\component_attribute_files\componentcatalog.xml
7/8/2023 6:54:53 PM Error:Custom component not installed in this model for item: ColumnCrank source: c:\programdata\trimble\tekla structures\2022.0\environments\middle_east\general\component_attribute_files\componentcatalog.xml
7/8/2023 6:54:53 PM Error:Custom component not installed in this model for item: Fire-Proofing source: c:\programdata\trimble\tekla structures\2022.0\environments\middle_east\general\component_attribute_files\componentcatalog.xml
7/8/2023 6:54:53 PM Error:Custom component not installed in this model for item: TJ_PipeWeldPrep_det source: c:\programdata\trimble\tekla structures\2022.0\environments\middle_east\general\component_attribute_files\componentcatalog.xml
7/8/2023 6:54:53 PM Error:Custom component not installed in this model for item: TJ_WeldPrep_Beam_d source: c:\programdata\trimble\tekla structures\2022.0\environments\middle_east\general\component_attribute_files\componentcatalog.xml
7/8/2023 6:54:53 PM Error:Custom component not installed in this model for item: TJ_WeldPrep_Flg_V source: c:\programdata\trimble\tekla structures\2022.0\environments\middle_east\general\component_attribute_files\componentcatalog.xml
7/8/2023 6:54:53 PM Error:Custom component not installed in this model for item: TJ_WeldPrep_Scallop source: c:\programdata\trimble\tekla structures\2022.0\environments\middle_east\general\component_attribute_files\componentcatalog.xml
7/8/2023 6:54:53 PM Error:Custom component not installed in this model for item: TJ_WeldPrep_Web_K source: c:\programdata\trimble\tekla structures\2022.0\environments\middle_east\general\component_attribute_files\componentcatalog.xml
7/8/2023 6:54:53 PM Error:Custom component not installed in this model for item: WeldBar_Box_1Pc source: c:\programdata\trimble\tekla structures\2022.0\environments\middle_east\general\component_attribute_files\componentcatalog.xml
7/8/2023 6:54:53 PM Error:Custom component not installed in this model for item: WeldBar_Box_2Pc source: c:\programdata\trimble\tekla structures\2022.0\environments\middle_east\general\component_attribute_files\componentcatalog.xml
7/8/2023 6:54:53 PM Error:Custom component not installed in this model for item: WeldBar_Box_4Pc source: c:\programdata\trimble\tekla structures\2022.0\environments\middle_east\general\component_attribute_files\componentcatalog.xml
7/8/2023 6:54:53 PM Error:Custom component not installed in this model for item: WeldBar_H source: c:\programdata\trimble\tekla structures\2022.0\environments\middle_east\general\component_attribute_files\componentcatalog.xml
7/8/2023 6:54:53 PM Error:Custom component not installed in this model for item: WeldBar_H_Type1 source: c:\programdata\trimble\tekla structures\2022.0\environments\middle_east\general\component_attribute_files\componentcatalog.xml
7/8/2023 6:54:53 PM Error:Custom component not installed in this model for item: WeldBar_H_Type2 source: c:\programdata\trimble\tekla structures\2022.0\environments\middle_east\general\component_attribute_files\componentcatalog.xml
7/8/2023 6:54:53 PM Error:Custom component not installed in this model for item: WeldBar_H_Type3 source: c:\programdata\trimble\tekla structures\2022.0\environments\middle_east\general\component_attribute_files\componentcatalog.xml
7/8/2023 6:54:53 PM Error:Custom component not installed in this model for item: WeldBar_H_Type4 source: c:\programdata\trimble\tekla structures\2022.0\environments\middle_east\general\component_attribute_files\componentcatalog.xml
7/8/2023 6:54:53 PM Error:Custom component not installed in this model for item: WeldBar_Pipe_1Pc source: c:\programdata\trimble\tekla structures\2022.0\environments\middle_east\general\component_attribute_files\componentcatalog.xml
7/8/2023 6:54:53 PM Error:Custom component not installed in this model for item: C_Beam source: c:\programdata\trimble\tekla structures\2022.0\environments\middle_east\general\component_attribute_files\componentcatalog.xml
7/8/2023 6:54:53 PM Error:Custom component not installed in this model for item: Castellated_Beam source: c:\programdata\trimble\tekla structures\2022.0\environments\middle_east\general\component_attribute_files\componentcatalog.xml
7/8/2023 6:54:53 PM Error:Custom component not installed in this model for item: cell_beam source: c:\programdata\trimble\tekla structures\2022.0\environments\middle_east\general\component_attribute_files\componentcatalog.xml
7/8/2023 6:54:53 PM Error:Custom component not installed in this model for item: Embed Creator source: c:\programdata\trimble\tekla structures\2022.0\environments\middle_east\general\component_attribute_files\componentcatalog.xml
7/8/2023 6:54:53 PM Error:Custom component not installed in this model for item: PT_Anchor source: c:\programdata\trimble\tekla structures\2022.0\environments\middle_east\general\component_attribute_files\componentcatalog.xml
7/8/2023 6:54:53 PM Error:Custom component not installed in this model for item: PT_Anchor_Pocket_Former source: c:\programdata\trimble\tekla structures\2022.0\environments\middle_east\general\component_attribute_files\componentcatalog.xml
7/8/2023 6:54:53 PM Error:Custom component not installed in this model for item: safegrid source: c:\programdata\trimble\tekla structures\2022.0\environments\middle_east\general\component_attribute_files\componentcatalog.xml
7/8/2023 6:54:53 PM Error:Custom component not installed in this model for item: Stud_Rail source: c:\programdata\trimble\tekla structures\2022.0\environments\middle_east\general\component_attribute_files\componentcatalog.xml
